[2018-10-30 09:35:59,152][Thread-7:140682405037824][task_id:book.views][views.py:162][INFO][尤瓦尔·赫拉利]
[2018-10-30 09:36:03,267][Thread-10:140682405037824][task_id:book.views][views.py:162][INFO][杜甫]
[2018-10-30 11:56:22,155][Thread-5:140013032380160][task_id:book.views][views.py:161][INFO][杜甫]
[2018-10-30 11:56:24,349][Thread-7:140013032380160][task_id:book.views][views.py:161][INFO][杜甫]
[2018-10-30 12:15:02,302][Thread-14:139637641180928][task_id:book.views][views.py:161][INFO][杜甫]
[2018-10-30 12:24:02,527][Thread-1:140172175558400][task_id:book.views][views.py:161][INFO][杜甫]
[2018-10-30 12:24:15,303][Thread-4:140172175558400][task_id:book.views][views.py:161][INFO][杜甫]
[2018-10-30 12:24:15,304][Thread-4:140172175558400][task_id:book.views][views.py:172][CRITICAL][['16']]
[2018-10-30 13:38:57,086][Thread-4:140466005821184][task_id:book.views][views.py:161][INFO][尤瓦尔·赫拉利]
[2018-10-30 13:48:29,767][Thread-32:139858472666880][task_id:django.request][exception.py:135][ERROR][Internal Server Error: /edit_author/]
Traceback (most recent call last):
  File "/usr/local/lib/python3.6/dist-packages/django/core/handlers/exception.py", line 41, in inner
    response = get_response(request)
  File "/usr/local/lib/python3.6/dist-packages/django/core/handlers/base.py", line 187, in _get_response
    response = self.process_exception_by_middleware(e, request)
  File "/usr/local/lib/python3.6/dist-packages/django/core/handlers/base.py", line 185, in _get_response
    response = wrapped_callback(request, *callback_args, **callback_kwargs)
  File "/media/lwx/hexo/Django/mysite/book/views.py", line 158, in edit_author
    author = Author.objects.get(id=author_id)
  File "/usr/local/lib/python3.6/dist-packages/django/db/models/manager.py", line 85, in manager_method
    return getattr(self.get_queryset(), name)(*args, **kwargs)
  File "/usr/local/lib/python3.6/dist-packages/django/db/models/query.py", line 380, in get
    self.model._meta.object_name
book.models.DoesNotExist: Author matching query does not exist.
[2018-10-30 13:49:05,323][Thread-40:139858472666880][task_id:django.request][exception.py:135][ERROR][Internal Server Error: /edit_author/]
Traceback (most recent call last):
  File "/usr/local/lib/python3.6/dist-packages/django/core/handlers/exception.py", line 41, in inner
    response = get_response(request)
  File "/usr/local/lib/python3.6/dist-packages/django/core/handlers/base.py", line 187, in _get_response
    response = self.process_exception_by_middleware(e, request)
  File "/usr/local/lib/python3.6/dist-packages/django/core/handlers/base.py", line 185, in _get_response
    response = wrapped_callback(request, *callback_args, **callback_kwargs)
  File "/media/lwx/hexo/Django/mysite/book/views.py", line 158, in edit_author
    author = Author.objects.get(id=author_id)
  File "/usr/local/lib/python3.6/dist-packages/django/db/models/manager.py", line 85, in manager_method
    return getattr(self.get_queryset(), name)(*args, **kwargs)
  File "/usr/local/lib/python3.6/dist-packages/django/db/models/query.py", line 380, in get
    self.model._meta.object_name
book.models.DoesNotExist: Author matching query does not exist.
[2018-10-30 14:38:23,031][Thread-4:140584206067456][task_id:book.views][views.py:161][INFO][尤瓦尔·赫拉利]
[2018-10-30 16:23:14,165][Thread-8:139806218647296][task_id:book.views][views.py:176][INFO][尤瓦尔·赫拉利]
[2018-10-30 16:29:30,272][Thread-27:139806430975744][task_id:book.views][views.py:176][INFO][尤瓦尔·赫拉利]
[2018-10-30 16:55:13,418][Thread-7:139895800588032][task_id:book.views][views.py:176][INFO][尤瓦尔·赫拉利]
[2018-10-30 16:58:44,642][Thread-21:139930278991616][task_id:book.views][views.py:176][INFO][尤瓦尔·赫拉利]
